Warnings encountered during the last execution of ms3 review (v1.2.4)
=====================================================================

INCOMPLETE_MC_WRONGLY_COMPLETED_WARNING (3, 46) ms3.Parse.peri_euridice.peri_euridice_scene_1 -- /usr/local/lib/python3.10/site-packages/ms3/bs4_measures.py (line 763) make_offset_col():
	The incomplete MC 46 (timesig 3/2, act_dur 1/2) is completed by 1 incorrect duration (expected: 1):
	{47: Fraction(3, 1)}
WARNING  ms3.Parse.peri_euridice.peri_euridice_scene_3 -- /usr/local/lib/python3.10/site-packages/ms3/bs4_measures.py (line 627) squash_staves():
	mc 131: The missing value in 'voice/BarLine/subtype' was replaced by 'double', present in 'staff' [8].
DCML_PHRASE_INCONGRUENCY_WARNING (16,) ms3.Parse.peri_euridice.peri_euridice_scene_0 -- /usr/local/lib/python3.10/site-packages/ms3/utils.py (line 5122) check_phrase_annotations():
	Phrase beginning and endings don't match:
	mn_playthrough phraseend mn_playthrough phraseend
	            1a         {             3a         }
	            4a         {             5a         }
	            6a         {            11a         }
	            8a         {            14a         }
	           11a         {            NaN       NaN
DCML_PHRASE_INCONGRUENCY_WARNING (16,) ms3.Parse.peri_euridice.peri_euridice_scene_2 -- /usr/local/lib/python3.10/site-packages/ms3/utils.py (line 5122) check_phrase_annotations():
	Phrase beginning and endings don't match:
	mn_playthrough phraseend mn_playthrough phraseend
	            1a         {             3a         }
	            4a         {             5a         }
	            6a         {             8a         }
	            8a         {             8a         }
	            9a         {            11a         }
	           12a         {            15a         }
	           16a         {            21a         }
	           22a         {            23a         }
	           24a         {            26a         }
	           26a         {            29a         }
	           29a         {            33a         }
	           34a         {            35a         }
	           36a         {            36a         }
	           37a         {            38a         }
	           39a         {            39a         }
	           39a         {            43a         }
	           43a         {            47a         }
	           48a         {            47a         }
	           52a         {            52a         }
	           54a         {            53a         }
	           55a         {            53a         }
	           58a         {            55a         }
	           62a         {            58a         }
	           65a         {            61a         }
	           70a         {            64a         }
	           72a         {            69a         }
	           75a         {            71a         }
	           76a         {            75a         }
	           79a         {            76a         }
	           85a         {            79a         }
	           87a         {            84a         }
	           88a         {            86a         }
	           92a         {            88a         }
	           93a         {            91a         }
	           95a         {            93a         }
	           98a         {            95a         }
	          100a         {            98a         }
	          102a         {            99a         }
	          106a         {           102a         }
	          111a        }{           105a         }
	          115a         {           111a         }
	          116a         {           111a        }{
	          117a         {           115a         }
	          121a         {           116a         }
	          122a         {           117a         }
	          124a         {           121a         }
	          126a         {           122a         }
	          128a         {           123a         }
	          129a         {           126a         }
	          131a         {           127a         }
	          134a         {           129a         }
	          135a         {           130a         }
	          137a        }{           134a         }
	          140a         {           135a         }
	          141a         {           137a        }{
	          143a         {           139a         }
	          148a         {           141a         }
	          150a         {           143a         }
	          152a         {           147a         }
	          154a         {           149a         }
	          157a         {           151a         }
	          159a         {           154a         }
	          162a         {           156a         }
	          164a         {           158a         }
	          166a         {           162a         }
	          167a         {           164a         }
	          171a         {           165a         }
	          173a         {           167a         }
	          175a         {           171a         }
	          177a         {           173a         }
	          180a         {           174a         }
	          182a         {           180a         }
	          186a         {           181a         }
	          190a         {           186a         }
	          192a         {           189a         }
	          196a         {           192a         }
	          198a         {           196a         }
	          202a         {           198a         }
	          203a         {           201a         }
	          205a         {           203a         }
	          207a         {           204a         }
	          208a         {           206a         }
	          209a         {           208a         }
	          211a         {           209a         }
	          212a         {           211a         }
	          214a         {           212a         }
	          215a         {           213a         }
	          218a         {           215a         }
	          220a         {           218a         }
	          223a         {           219a         }
	          225a         {           222a         }
	          227a         {           225a         }
	          229a         {           227a         }
	          232a         {           229a         }
	          233a         {           232a         }
	          235a         {           233a         }
	          237a         {           235a         }
	          240a         {           237a         }
	          242a         {           240a         }
	          243a         {           241a         }
	          244a         {           242a         }
	          246a         {           244a         }
	          253a         {           246a         }
	          254a         {           252a         }
	          256a         {           253a         }
	          260a         {           255a         }
	          261a        }{           259a         }
	          265a         {           261a        }{
	          266a         {           264a         }
	          267a         {           265a         }
	          269a         {           267a         }
	          270a         {           268a         }
	          272a         {           270a         }
	          275a         {           274a         }
	          276a         {           276a         }
	          278a         {           277a         }
	          279a         {           277a         }
	          281a         {           279a         }
	          283a        }{           281a         }
	          287a        }{           283a        }{
	           NaN       NaN           287a        }{
	           NaN       NaN           288a         }
DCML_PHRASE_INCONGRUENCY_WARNING (16,) ms3.Parse.peri_euridice.peri_euridice_scene_5 -- /usr/local/lib/python3.10/site-packages/ms3/utils.py (line 5122) check_phrase_annotations():
	Phrase beginning and endings don't match:
	mn_playthrough phraseend mn_playthrough phraseend
	            1a         {             3a         }
	            3a         {             6a         }
	            6a         {             7a         }
	            8a         {            11a         }
	           11a         {            14a         }
	           14a         {            17a         }
	           17a         {            23a         }
	           24a         {            27a         }
	           27a         {            33a         }
	           33a         {            38a         }
	           38a         {            45a         }
	           46a         {            49a         }
	           50a         {            53a         }
	           53a         {            58a         }
	           58a         {            60a         }
	           61a         {            64a         }
	           65a         {            68a         }
	           69a         {            71a         }
	           72a         {            73a         }
	           74a         {            75a         }
	           76a         {            78a         }
	           78a         {            88a         }
	           88a         {            90a         }
	           90a         {            94a         }
	           95a         {           102a         }
	           98a         {           105a         }
	          102a         {           107a         }
	          106a         {           110a         }
	          108a         {           116a         }
	          110a         {           118a         }
	          113a         {           124a         }
	          116a         {           127a         }
	          118a         {           130a         }
	          125a         {           133a         }
	          127a         {           137a         }
	          130a         {           140a         }
	          134a         {           143a         }
	          137a         {           146a         }
	          140a         {           151a         }
	          143a         {           152a         }
	          147a         {           162a         }
	          151a         {           167a         }
	          153a         {           171a         }
	          163a         {           175a         }
	          167a         {           178a         }
	          172a         {           181a         }
	          176a         {           184a         }
	          178a         {           187a         }
	          182a         {           189a         }
	          184a         {           190a         }
	          187a         {           194a         }
	          189a         {           197a         }
	          191a         {           202a         }
	          195a         {           203a         }
	          197a         {           206a         }
	          200a         {           208a         }
	          203a         {           212a         }
	          204a         {           213a         }
	          206a         {           216a         }
	          209a         {           221a         }
	          212a         {           226a         }
	          213a         {           229a         }
	          217a         {           235a         }
	          222a         {           240a         }
	          226a         {           243a         }
	          229a         {           246a         }
	          236a         {           251a         }
	          240a         {           253a         }
	          243a         {           255a         }
	          247a         {           257a         }
	          251a         {           260a         }
	          253a         {            NaN       NaN
	          256a         {            NaN       NaN
	          258a         {            NaN       NaN
Chord labels where the ratio of colored notes vs. all notes in a segment lies above 0.6:
                                               mc   mn mc_onset         label    chord_tones added_tones  n_colored  n_untouched  count_ratio
peri_euridice MS3/peri_euridice_scene_1.mscx   64   62      1/2         VIIM7  (-1, 3, 0, 4)          ()        2.0          0.0     1.000000
              MS3/peri_euridice_scene_1.mscx   72   70      3/2             V      (2, 6, 3)          ()        2.0          0.0     1.000000
              MS3/peri_euridice_scene_1.mscx   94   92        0          III6    (2, -1, -2)          ()        2.0          1.0     0.666667
              MS3/peri_euridice_scene_2.mscx   32   32      3/2       viio6/V      (4, 1, 7)          ()        4.0          2.0     0.666667
              MS3/peri_euridice_scene_2.mscx   47   47        0       iii/IV}      (4, 1, 5)          ()        4.0          1.0     0.800000
              MS3/peri_euridice_scene_2.mscx   50   50      3/2        iii/IV      (4, 1, 5)          ()        3.0          1.0     0.750000
              MS3/peri_euridice_scene_2.mscx  149  149      1/4       V(64)/V     (0, -1, 3)          ()        1.0          0.0     1.000000
              MS3/peri_euridice_scene_2.mscx  151  151      3/4             V     (-1, 3, 0)          ()        1.0          0.0     1.000000
              MS3/peri_euridice_scene_2.mscx  158  158      1/4          V(6)     (-1, 3, 2)          ()        1.0          0.0     1.000000
              MS3/peri_euridice_scene_2.mscx  179  179      7/4           V/V      (3, 7, 4)          ()        1.0          0.0     1.000000
              MS3/peri_euridice_scene_2.mscx  197  197      3/2      viio6/ii    (-2, -5, 1)          ()        4.0          0.0     1.000000
              MS3/peri_euridice_scene_2.mscx  209  209        0          i/i}     (1, -2, 2)          ()        4.0          2.0     0.666667
              MS3/peri_euridice_scene_2.mscx  274  274        0       VI/III}      (1, 5, 2)          ()        4.0          2.0     0.666667
              MS3/peri_euridice_scene_2.mscx  286  286        0            ii      (3, 0, 4)          ()        8.0          3.0     0.727273
              MS3/peri_euridice_scene_3.mscx    9    9      7/4           V/V      (2, 6, 3)          ()        1.0          0.0     1.000000
              MS3/peri_euridice_scene_3.mscx   25   25        1            V7  (1, 5, 2, -1)          ()        2.0          1.0     0.666667
              MS3/peri_euridice_scene_3.mscx   38   38      1/2      V(64)/ii     (3, 2, -1)          ()        1.0          0.0     1.000000
              MS3/peri_euridice_scene_3.mscx   66   66      7/4             V     (-1, 3, 0)          ()        1.0          0.0     1.000000
              MS3/peri_euridice_scene_3.mscx   86   86      7/4             V     (-1, 3, 0)          ()        1.0          0.0     1.000000
              MS3/peri_euridice_scene_5.mscx   78   77        0  viio6(2)/V/V      (5, 2, 3)          ()        2.0          1.0     0.666667
              MS3/peri_euridice_scene_5.mscx  107  106      3/2            IV      (2, 6, 3)          ()        2.0          1.0     0.666667
